[0.276s][info][gc] Using G1
[2.260s][info][gc] GC(0) Pause Young (G1 Evacuation Pause) 52M->47M(1024M) 29.159ms
[3.677s][info][gc] GC(1) Pause Young (G1 Evacuation Pause) 93M->94M(1024M) 17.259ms
[5.138s][info][gc] GC(2) Pause Young (G1 Evacuation Pause) 141M->143M(1024M) 24.427ms
[6.566s][info][gc] GC(3) Pause Young (G1 Evacuation Pause) 187M->189M(1024M) 21.988ms
[8.019s][info][gc] GC(4) Pause Young (G1 Evacuation Pause) 233M->235M(1024M) 16.538ms
[9.474s][info][gc] GC(5) Pause Young (G1 Evacuation Pause) 284M->286M(1024M) 16.999ms
[10.890s][info][gc] GC(6) Pause Young (G1 Evacuation Pause) 330M->332M(1024M) 18.077ms
[12.502s][info][gc] GC(7) Pause Young (G1 Evacuation Pause) 383M->385M(1024M) 19.861ms
[14.698s][info][gc] GC(8) Pause Young (G1 Evacuation Pause) 454M->456M(1024M) 28.264ms
[17.117s][info][gc] GC(9) Pause Young (G1 Evacuation Pause) 539M->541M(1024M) 29.551ms
[20.376s][info][gc] GC(10) Pause Initial Mark (G1 Evacuation Pause) 645M->647M(1024M) 38.383ms
[20.376s][info][gc] GC(11) Concurrent Cycle
[20.500s][info][gc] GC(11) Pause Remark 651M->651M(1024M) 1.080ms
[20.559s][info][gc] GC(11) Pause Cleanup 652M->641M(1024M) 1.842ms
[20.560s][info][gc] GC(11) Concurrent Cycle 184.170ms
[23.078s][info][gc] GC(12) Pause Young (G1 Evacuation Pause) 721M->723M(1024M) 38.418ms
[25.012s][info][gc] GC(13) Pause Initial Mark (G1 Evacuation Pause) 784M->785M(1024M) 27.536ms
[25.012s][info][gc] GC(14) Concurrent Cycle
[25.175s][info][gc] GC(14) Pause Remark 789M->789M(1024M) 0.861ms
[25.250s][info][gc] GC(14) Pause Cleanup 792M->792M(1024M) 1.968ms
[25.251s][info][gc] GC(14) Concurrent Cycle 238.801ms
[26.367s][info][gc] GC(15) Pause Young (G1 Evacuation Pause) 827M->828M(1024M) 20.938ms
[27.767s][info][gc] GC(16) Pause Initial Mark (G1 Evacuation Pause) 872M->874M(1024M) 21.334ms
[27.767s][info][gc] GC(17) Concurrent Cycle
[27.942s][info][gc] GC(17) Pause Remark 879M->879M(1024M) 0.907ms
[28.024s][info][gc] GC(17) Pause Cleanup 881M->881M(1024M) 2.307ms
[28.025s][info][gc] GC(17) Concurrent Cycle 258.224ms
[29.155s][info][gc] GC(18) Pause Initial Mark (G1 Humongous Allocation) 917M->919M(1024M) 22.034ms
[29.155s][info][gc] GC(19) Concurrent Cycle
[29.402s][info][gc] GC(19) Pause Remark 938M->938M(1024M) 1.011ms
[29.489s][info][gc] GC(19) Pause Cleanup 940M->940M(1024M) 3.175ms
[29.490s][info][gc] GC(19) Concurrent Cycle 334.736ms
[30.771s][info][gc] GC(20) To-space exhausted
[30.771s][info][gc] GC(20) Pause Young (G1 Evacuation Pause) 980M->1024M(1024M) 20.965ms
[30.789s][info][gc] GC(21) To-space exhausted
[30.789s][info][gc] GC(21) Pause Initial Mark (G1 Evacuation Pause) 1024M->1024M(1024M) 18.292ms
[30.789s][info][gc] GC(22) Concurrent Cycle
[31.162s][info][gc] GC(23) Pause Full (Allocation Failure) 1024M->938M(1024M) 372.316ms
[31.162s][info][gc] GC(22) Concurrent Cycle 372.969ms
[32.817s][info][gc] GC(24) To-space exhausted
[32.817s][info][gc] GC(24) Pause Young (G1 Evacuation Pause) 989M->1021M(1024M) 21.729ms
[32.836s][info][gc] GC(25) To-space exhausted
[32.836s][info][gc] GC(25) Pause Initial Mark (G1 Evacuation Pause) 1021M->1021M(1024M) 18.575ms
[32.836s][info][gc] GC(26) Concurrent Cycle
[33.158s][info][gc] GC(27) Pause Full (Allocation Failure) 1021M->989M(1024M) 321.955ms
[33.159s][info][gc] GC(26) Concurrent Cycle 322.586ms
[34.207s][info][gc] GC(28) To-space exhausted
[34.207s][info][gc] GC(28) Pause Young (G1 Evacuation Pause) 1021M->1021M(1024M) 15.476ms
[34.221s][info][gc] GC(29) Pause Initial Mark (G1 Evacuation Pause) 1021M->1021M(1024M) 14.164ms
[34.222s][info][gc] GC(30) Concurrent Cycle
[34.550s][info][gc] GC(31) Pause Full (Allocation Failure) 1021M->1020M(1024M) 327.822ms
[34.550s][info][gc] GC(30) Concurrent Cycle 328.632ms
[34.587s][info][gc] GC(32) To-space exhausted
[34.587s][info][gc] GC(32) Pause Young (G1 Evacuation Pause) 1021M->1021M(1024M) 2.495ms
[34.589s][info][gc] GC(33) Pause Initial Mark (G1 Evacuation Pause) 1021M->1021M(1024M) 1.869ms
[34.589s][info][gc] GC(34) Concurrent Cycle
[34.903s][info][gc] GC(35) Pause Full (Allocation Failure) 1021M->1021M(1024M) 313.730ms
[34.903s][info][gc] GC(34) Concurrent Cycle 314.417ms
[34.940s][info][gc] GC(36) To-space exhausted
[34.940s][info][gc] GC(36) Pause Young (G1 Evacuation Pause) 1022M->1022M(1024M) 2.257ms
[34.941s][info][gc] GC(37) Pause Initial Mark (G1 Evacuation Pause) 1022M->1022M(1024M) 1.649ms
[34.942s][info][gc] GC(38) Concurrent Cycle
[35.265s][info][gc] GC(39) Pause Full (Allocation Failure) 1022M->1022M(1024M) 323.033ms
[35.571s][info][gc] GC(40) Pause Full (Allocation Failure) 1022M->1022M(1024M) 306.051ms
[35.572s][info][gc] GC(38) Concurrent Cycle 630.233ms
[35.572s][info][gc] GC(41) Pause Young (G1 Evacuation Pause) 1022M->1022M(1024M) 0.637ms
[35.573s][info][gc] GC(42) Pause Initial Mark (G1 Evacuation Pause) 1022M->1022M(1024M) 0.349ms
[35.573s][info][gc] GC(43) Concurrent Cycle
[35.911s][info][gc] GC(44) Pause Full (Allocation Failure) 1022M->1022M(1024M) 337.831ms
[36.250s][info][gc] GC(45) Pause Full (Allocation Failure) 1022M->1022M(1024M) 338.406ms
[36.250s][info][gc] GC(43) Concurrent Cycle 677.353ms
[36.251s][info][gc] GC(46) Pause Young (G1 Evacuation Pause) 1022M->1022M(1024M) 0.650ms
[36.251s][info][gc] GC(47) Pause Initial Mark (G1 Evacuation Pause) 1022M->1022M(1024M) 0.274ms
[36.251s][info][gc] GC(48) Concurrent Cycle
[36.550s][info][gc] GC(49) Pause Full (Allocation Failure) 1022M->1022M(1024M) 298.748ms
[36.850s][info][gc] GC(50) Pause Full (Allocation Failure) 1022M->1022M(1024M) 299.069ms
[36.850s][info][gc] GC(48) Concurrent Cycle 598.987ms
[36.851s][info][gc] GC(51) Pause Young (G1 Evacuation Pause) 1022M->1022M(1024M) 0.553ms
[36.851s][info][gc] GC(52) Pause Initial Mark (G1 Evacuation Pause) 1022M->1022M(1024M) 0.367ms
[36.852s][info][gc] GC(53) Concurrent Cycle
[36.859s][info][gc] GC(54) Pause Full (Allocation Failure) 1022M->1M(1024M) 7.072ms
[36.859s][info][gc] GC(53) Concurrent Cycle 7.484ms
